<?xml version="1.0" encoding="UTF-8"?>
<testng-results skipped="0" failed="0" total="1" passed="1">
  <reporter-output>
  </reporter-output>
  <suite name="Default suite" duration-ms="41241" started-at="2016-06-17T23:35:15Z" finished-at="2016-06-17T23:35:57Z">
    <groups>
    </groups>
    <test name="Default test" duration-ms="41241" started-at="2016-06-17T23:35:15Z" finished-at="2016-06-17T23:35:57Z">
      <class name="test.TestAddNewAcc">
        <test-method status="PASS" signature="launchBrowser()[pri:0, instance:test.TestAddNewAcc@23a2f9]" name="launchBrowser" is-config="true" duration-ms="25734" started-at="2016-06-18T06:35:15Z" finished-at="2016-06-18T06:35:41Z">
          <reporter-output>
          </reporter-output>
        </test-method> <!-- launchBrowser -->
        <test-method status="PASS" signature="testAddNewAcc()[pri:1, instance:test.TestAddNewAcc@23a2f9]" name="testAddNewAcc" duration-ms="15277" started-at="2016-06-18T06:35:41Z" finished-at="2016-06-18T06:35:56Z">
          <reporter-output>
          </reporter-output>
        </test-method> <!-- testAddNewAcc -->
        <test-method status="PASS" signature="tearDown()[pri:0, instance:test.TestAddNewAcc@23a2f9]" name="tearDown" is-config="true" duration-ms="1" started-at="2016-06-18T06:35:57Z" finished-at="2016-06-18T06:35:57Z">
          <reporter-output>
          </reporter-output>
        </test-method> <!-- tearDown -->
      </class> <!-- test.TestAddNewAcc -->
    </test> <!-- Default test -->
  </suite> <!-- Default suite -->
</testng-results>
