<?xml version="1.0" encoding="UTF-8"?>
<testng-results skipped="0" failed="0" total="1" passed="1">
  <reporter-output>
  </reporter-output>
  <suite name="CrossBrowser/MultiBrowser" duration-ms="67553" started-at="2016-06-26T04:08:29Z" finished-at="2016-06-26T04:09:36Z">
    <groups>
    </groups>
    <test name="Test login in chrome" duration-ms="67553" started-at="2016-06-26T04:08:29Z" finished-at="2016-06-26T04:09:36Z">
      <class name="test.ChangeSetting">
        <test-method status="PASS" signature="lunchBrowser(java.lang.String)[pri:0, instance:test.ChangeSetting@19e13df]" name="lunchBrowser" is-config="true" duration-ms="4705" started-at="2016-06-26T11:08:29Z" finished-at="2016-06-26T11:08:33Z">
          <params>
            <param index="0">
              <value>
                <![CDATA[chrome]]>
              </value>
            </param>
          </params>
          <reporter-output>
          </reporter-output>
        </test-method> <!-- lunchBrowser -->
        <test-method status="PASS" signature="doChangeSetting()[pri:0, instance:test.ChangeSetting@19e13df]" name="doChangeSetting" duration-ms="61422" started-at="2016-06-26T11:08:33Z" finished-at="2016-06-26T11:09:35Z">
          <reporter-output>
          </reporter-output>
        </test-method> <!-- doChangeSetting -->
        <test-method status="PASS" signature="tearDown()[pri:0, instance:test.ChangeSetting@19e13df]" name="tearDown" is-config="true" duration-ms="1389" started-at="2016-06-26T11:09:35Z" finished-at="2016-06-26T11:09:36Z">
          <reporter-output>
          </reporter-output>
        </test-method> <!-- tearDown -->
      </class> <!-- test.ChangeSetting -->
    </test> <!-- Test login in chrome -->
  </suite> <!-- CrossBrowser/MultiBrowser -->
</testng-results>
